<?xml version="1.0" encoding="UTF-8"?>
<!-- Generated by org.testng.reporters.JUnitReportReporter -->
<testsuite hostname="DESKTOP-3HIK0JG" failures="0" tests="1" name="coderunner.runner" time="55.756" errors="0" timestamp="13 Feb 2025 14:38:33 GMT" skipped="0">
  <testcase classname="coderunner.runner" name="runScenario" time="55.756"/>
</testsuite> <!-- coderunner.runner -->
